<?xml version="1.0" encoding="UTF-8"?>
<testng-results skipped="0" failed="0" ignored="2" total="8" passed="6">
  <reporter-output>
  </reporter-output>
  <suite name="Suite" duration-ms="132571" started-at="2022-04-19T10:27:06 IST" finished-at="2022-04-19T10:29:18 IST">
    <groups>
      <group name="regression">
        <method signature="Create_Org_Name1.create_org1()[pri:0, instance:com.pomclass.testcases.Create_Org_Name1@4eb7f003]" name="create_org1" class="com.pomclass.testcases.Create_Org_Name1"/>
        <method signature="Delete_Create_Org_Test.createorg()[pri:0, instance:com.pomclass.testcases.Delete_Create_Org_Test@63440df3]" name="createorg" class="com.pomclass.testcases.Delete_Create_Org_Test"/>
        <method signature="Create_Org_Name1.create_org1()[pri:0, instance:com.pomclass.testcases.Create_Org_Name1@1fc2b765]" name="create_org1" class="com.pomclass.testcases.Create_Org_Name1"/>
      </group> <!-- regression -->
      <group name="integration">
        <method signature="Delete_Create_Org_Test.createorg1()[pri:0, instance:com.pomclass.testcases.Delete_Create_Org_Test@63440df3]" name="createorg1" class="com.pomclass.testcases.Delete_Create_Org_Test"/>
      </group> <!-- integration -->
      <group name="smoke">
        <method signature="Create_Org_Name1.create_org()[pri:0, instance:com.pomclass.testcases.Create_Org_Name1@4eb7f003]" name="create_org" class="com.pomclass.testcases.Create_Org_Name1"/>
        <method signature="Create_Org_Name1.create_org()[pri:0, instance:com.pomclass.testcases.Create_Org_Name1@1fc2b765]" name="create_org" class="com.pomclass.testcases.Create_Org_Name1"/>
      </group> <!-- smoke -->
    </groups>
    <test name="Test2" duration-ms="68084" started-at="2022-04-19T10:27:06 IST" finished-at="2022-04-19T10:28:14 IST">
      <class name="com.pomclass.testcases.Create_Org_Name1">
        <test-method status="PASS" signature="beforeSuite()[pri:0, instance:com.pomclass.testcases.Create_Org_Name1@1fc2b765]" name="beforeSuite" is-config="true" duration-ms="12" started-at="2022-04-19T10:27:06 IST" finished-at="2022-04-19T10:27:06 IST">
          <reporter-output>
          </reporter-output>
        </test-method> <!-- beforeSuite -->
        <test-method status="PASS" signature="beforeClass()[pri:0, instance:com.pomclass.testcases.Create_Org_Name1@1fc2b765]" name="beforeClass" is-config="true" duration-ms="5354" started-at="2022-04-19T10:27:06 IST" finished-at="2022-04-19T10:27:11 IST">
          <reporter-output>
          </reporter-output>
        </test-method> <!-- beforeClass -->
        <test-method status="PASS" signature="login()[pri:0, instance:com.pomclass.testcases.Create_Org_Name1@1fc2b765]" name="login" is-config="true" duration-ms="5798" started-at="2022-04-19T10:27:11 IST" finished-at="2022-04-19T10:27:17 IST">
          <reporter-output>
          </reporter-output>
        </test-method> <!-- login -->
        <test-method status="PASS" signature="create_org()[pri:0, instance:com.pomclass.testcases.Create_Org_Name1@1fc2b765]" name="create_org" duration-ms="24425" started-at="2022-04-19T10:27:17 IST" finished-at="2022-04-19T10:27:41 IST">
          <reporter-output>
          </reporter-output>
        </test-method> <!-- create_org -->
        <test-method status="PASS" signature="logout()[pri:0, instance:com.pomclass.testcases.Create_Org_Name1@1fc2b765]" name="logout" is-config="true" duration-ms="2304" started-at="2022-04-19T10:27:41 IST" finished-at="2022-04-19T10:27:44 IST">
          <reporter-output>
          </reporter-output>
        </test-method> <!-- logout -->
        <test-method status="PASS" signature="login()[pri:0, instance:com.pomclass.testcases.Create_Org_Name1@1fc2b765]" name="login" is-config="true" duration-ms="4298" started-at="2022-04-19T10:27:44 IST" finished-at="2022-04-19T10:27:48 IST">
          <reporter-output>
          </reporter-output>
        </test-method> <!-- login -->
        <test-method status="PASS" signature="create_org1()[pri:0, instance:com.pomclass.testcases.Create_Org_Name1@1fc2b765]" name="create_org1" duration-ms="21977" started-at="2022-04-19T10:27:48 IST" finished-at="2022-04-19T10:28:10 IST">
          <reporter-output>
          </reporter-output>
        </test-method> <!-- create_org1 -->
        <test-method status="PASS" signature="logout()[pri:0, instance:com.pomclass.testcases.Create_Org_Name1@1fc2b765]" name="logout" is-config="true" duration-ms="3855" started-at="2022-04-19T10:28:10 IST" finished-at="2022-04-19T10:28:14 IST">
          <reporter-output>
          </reporter-output>
        </test-method> <!-- logout -->
        <test-method status="PASS" signature="afterSuite()[pri:0, instance:com.pomclass.testcases.Create_Org_Name1@1fc2b765]" name="afterSuite" is-config="true" duration-ms="7" started-at="2022-04-19T10:29:18 IST" finished-at="2022-04-19T10:29:18 IST">
          <reporter-output>
          </reporter-output>
        </test-method> <!-- afterSuite -->
      </class> <!-- com.pomclass.testcases.Create_Org_Name1 -->
    </test> <!-- Test2 -->
    <test name="Test1" duration-ms="132571" started-at="2022-04-19T10:27:06 IST" finished-at="2022-04-19T10:29:18 IST">
      <class name="com.pomclass.testcases.Delete_Create_Org_Test">
        <test-method status="PASS" signature="beforeClass()[pri:0, instance:com.pomclass.testcases.Delete_Create_Org_Test@63440df3]" name="beforeClass" is-config="true" duration-ms="5354" started-at="2022-04-19T10:27:06 IST" finished-at="2022-04-19T10:27:11 IST">
          <reporter-output>
          </reporter-output>
        </test-method> <!-- beforeClass -->
        <test-method status="PASS" signature="login()[pri:0, instance:com.pomclass.testcases.Delete_Create_Org_Test@63440df3]" name="login" is-config="true" duration-ms="6459" started-at="2022-04-19T10:27:11 IST" finished-at="2022-04-19T10:27:18 IST">
          <reporter-output>
          </reporter-output>
        </test-method> <!-- login -->
        <test-method status="PASS" signature="createorg()[pri:0, instance:com.pomclass.testcases.Delete_Create_Org_Test@63440df3]" name="createorg" duration-ms="27417" started-at="2022-04-19T10:27:18 IST" finished-at="2022-04-19T10:27:45 IST">
          <reporter-output>
          </reporter-output>
        </test-method> <!-- createorg -->
        <test-method status="PASS" signature="logout()[pri:0, instance:com.pomclass.testcases.Delete_Create_Org_Test@63440df3]" name="logout" is-config="true" duration-ms="2054" started-at="2022-04-19T10:27:45 IST" finished-at="2022-04-19T10:27:47 IST">
          <reporter-output>
          </reporter-output>
        </test-method> <!-- logout -->
        <test-method status="PASS" signature="login()[pri:0, instance:com.pomclass.testcases.Delete_Create_Org_Test@63440df3]" name="login" is-config="true" duration-ms="4776" started-at="2022-04-19T10:27:47 IST" finished-at="2022-04-19T10:27:52 IST">
          <reporter-output>
          </reporter-output>
        </test-method> <!-- login -->
        <test-method status="PASS" signature="createorg1()[pri:0, instance:com.pomclass.testcases.Delete_Create_Org_Test@63440df3]" name="createorg1" duration-ms="16381" started-at="2022-04-19T10:27:52 IST" finished-at="2022-04-19T10:28:08 IST">
          <reporter-output>
          </reporter-output>
        </test-method> <!-- createorg1 -->
        <test-method status="PASS" signature="logout()[pri:0, instance:com.pomclass.testcases.Delete_Create_Org_Test@63440df3]" name="logout" is-config="true" duration-ms="2897" started-at="2022-04-19T10:28:08 IST" finished-at="2022-04-19T10:28:11 IST">
          <reporter-output>
          </reporter-output>
        </test-method> <!-- logout -->
      </class> <!-- com.pomclass.testcases.Delete_Create_Org_Test -->
      <class name="com.pomclass.testcases.Create_Org_Name1">
        <test-method status="PASS" signature="beforeClass()[pri:0, instance:com.pomclass.testcases.Create_Org_Name1@4eb7f003]" name="beforeClass" is-config="true" duration-ms="2198" started-at="2022-04-19T10:28:11 IST" finished-at="2022-04-19T10:28:13 IST">
          <reporter-output>
          </reporter-output>
        </test-method> <!-- beforeClass -->
        <test-method status="PASS" signature="login()[pri:0, instance:com.pomclass.testcases.Create_Org_Name1@4eb7f003]" name="login" is-config="true" duration-ms="5417" started-at="2022-04-19T10:28:13 IST" finished-at="2022-04-19T10:28:19 IST">
          <reporter-output>
          </reporter-output>
        </test-method> <!-- login -->
        <test-method status="PASS" signature="create_org()[pri:0, instance:com.pomclass.testcases.Create_Org_Name1@4eb7f003]" name="create_org" duration-ms="22105" started-at="2022-04-19T10:28:19 IST" finished-at="2022-04-19T10:28:41 IST">
          <reporter-output>
          </reporter-output>
        </test-method> <!-- create_org -->
        <test-method status="PASS" signature="logout()[pri:0, instance:com.pomclass.testcases.Create_Org_Name1@4eb7f003]" name="logout" is-config="true" duration-ms="2802" started-at="2022-04-19T10:28:41 IST" finished-at="2022-04-19T10:28:44 IST">
          <reporter-output>
          </reporter-output>
        </test-method> <!-- logout -->
        <test-method status="PASS" signature="login()[pri:0, instance:com.pomclass.testcases.Create_Org_Name1@4eb7f003]" name="login" is-config="true" duration-ms="5557" started-at="2022-04-19T10:28:44 IST" finished-at="2022-04-19T10:28:49 IST">
          <reporter-output>
          </reporter-output>
        </test-method> <!-- login -->
        <test-method status="PASS" signature="create_org1()[pri:0, instance:com.pomclass.testcases.Create_Org_Name1@4eb7f003]" name="create_org1" duration-ms="25974" started-at="2022-04-19T10:28:49 IST" finished-at="2022-04-19T10:29:15 IST">
          <reporter-output>
          </reporter-output>
        </test-method> <!-- create_org1 -->
        <test-method status="PASS" signature="logout()[pri:0, instance:com.pomclass.testcases.Create_Org_Name1@4eb7f003]" name="logout" is-config="true" duration-ms="3115" started-at="2022-04-19T10:29:15 IST" finished-at="2022-04-19T10:29:18 IST">
          <reporter-output>
          </reporter-output>
        </test-method> <!-- logout -->
      </class> <!-- com.pomclass.testcases.Create_Org_Name1 -->
    </test> <!-- Test1 -->
  </suite> <!-- Suite -->
</testng-results>
