<?xml version="1.0" encoding="UTF-8"?>
<!-- Generated by org.testng.reporters.JUnitXMLReporter -->
<testsuite hostname="DESKTOP-EMG1SG7" ignored="2" name="Test" tests="3" failures="1" timestamp="18 Apr 2022 12:12:53 GMT" time="79.659" errors="0">
  <testcase name="createorg" time="20.952" classname="com.pomclass.testcases.Delete_Create_Org_Test"/>
  <testcase name="createorg1" time="14.472" classname="com.pomclass.testcases.Delete_Create_Org_Test">
    <failure type="java.lang.AssertionError" message="expected [Dairy] but found [Electrical / Electronic Manufacturing]">
      <![CDATA[java.lang.AssertionError: expected [Dairy] but found [Electrical / Electronic Manufacturing]
at com.pomclass.testcases.Delete_Create_Org_Test.createorg1(Delete_Create_Org_Test.java:51)
... Removed 35 stack frames]]>
    </failure>
  </testcase> <!-- createorg1 -->
  <testcase name="create_org" time="18.572" classname="com.pomclass.testcases.Create_Org_Name1"/>
  <testcase name="@BeforeSuite beforeSuite" time="0.0" classname="com.javautility.Base_Class">
    <ignored/>
  </testcase> <!-- @BeforeSuite beforeSuite -->
  <testcase name="@AfterSuite afterSuite" time="0.0" classname="com.javautility.Base_Class">
    <ignored/>
  </testcase> <!-- @AfterSuite afterSuite -->
</testsuite> <!-- Test -->
