<?xml version="1.0" encoding="UTF-8"?>
<!-- Generated by org.testng.reporters.JUnitXMLReporter -->
<testsuite hostname="DESKTOP-EMG1SG7" ignored="2" name="Test" tests="4" failures="0" timestamp="18 Apr 2022 15:25:02 GMT" time="106.295" errors="0">
  <testcase name="createorg" time="23.831" classname="com.pomclass.testcases.Delete_Create_Org_Test"/>
  <testcase name="createorg1" time="13.247" classname="com.pomclass.testcases.Delete_Create_Org_Test"/>
  <testcase name="create_org" time="18.085" classname="com.pomclass.testcases.Create_Org_Name1"/>
  <testcase name="create_org1" time="17.428" classname="com.pomclass.testcases.Create_Org_Name1"/>
  <testcase name="@BeforeSuite beforeSuite" time="0.0" classname="com.javautility.Base_Class">
    <ignored/>
  </testcase> <!-- @BeforeSuite beforeSuite -->
  <testcase name="@AfterSuite afterSuite" time="0.0" classname="com.javautility.Base_Class">
    <ignored/>
  </testcase> <!-- @AfterSuite afterSuite -->
</testsuite> <!-- Test -->
