<?xml version="1.0" encoding="UTF-8"?>
<testng-results skipped="0" failed="0" ignored="0" total="4" passed="4">
  <reporter-output>
  </reporter-output>
  <suite name="Suite" duration-ms="94911" started-at="2022-04-19T09:15:34Z" finished-at="2022-04-19T09:17:09Z">
    <groups>
      <group name="regression">
        <method signature="Delete_Create_Org_Test.createorg()[pri:0, instance:com.pomclass.testcases.Delete_Create_Org_Test@222114ba]" name="createorg" class="com.pomclass.testcases.Delete_Create_Org_Test"/>
        <method signature="Create_Org_Name1.create_org1()[pri:0, instance:com.pomclass.testcases.Create_Org_Name1@45b9a632]" name="create_org1" class="com.pomclass.testcases.Create_Org_Name1"/>
      </group> <!-- regression -->
      <group name="integration">
        <method signature="Delete_Create_Org_Test.createorg1()[pri:0, instance:com.pomclass.testcases.Delete_Create_Org_Test@222114ba]" name="createorg1" class="com.pomclass.testcases.Delete_Create_Org_Test"/>
      </group> <!-- integration -->
      <group name="smoke">
        <method signature="Create_Org_Name1.create_org()[pri:0, instance:com.pomclass.testcases.Create_Org_Name1@45b9a632]" name="create_org" class="com.pomclass.testcases.Create_Org_Name1"/>
      </group> <!-- smoke -->
    </groups>
    <test name="Test1" duration-ms="94632" started-at="2022-04-19T09:15:34Z" finished-at="2022-04-19T09:17:09Z">
      <class name="com.pomclass.testcases.Delete_Create_Org_Test">
        <test-method status="PASS" signature="beforeClass()[pri:0, instance:com.pomclass.testcases.Delete_Create_Org_Test@222114ba]" name="beforeClass" is-config="true" duration-ms="5678" started-at="2022-04-19T09:15:34Z" finished-at="2022-04-19T09:15:40Z">
          <reporter-output>
          </reporter-output>
        </test-method> <!-- beforeClass -->
        <test-method status="PASS" signature="login()[pri:0, instance:com.pomclass.testcases.Delete_Create_Org_Test@222114ba]" name="login" is-config="true" duration-ms="15403" started-at="2022-04-19T09:15:40Z" finished-at="2022-04-19T09:15:55Z">
          <reporter-output>
          </reporter-output>
        </test-method> <!-- login -->
        <test-method status="PASS" signature="createorg()[pri:0, instance:com.pomclass.testcases.Delete_Create_Org_Test@222114ba]" name="createorg" duration-ms="43161" started-at="2022-04-19T09:15:55Z" finished-at="2022-04-19T09:16:38Z">
          <reporter-output>
          </reporter-output>
        </test-method> <!-- createorg -->
        <test-method status="PASS" signature="logout()[pri:0, instance:com.pomclass.testcases.Delete_Create_Org_Test@222114ba]" name="logout" is-config="true" duration-ms="3566" started-at="2022-04-19T09:16:38Z" finished-at="2022-04-19T09:16:42Z">
          <reporter-output>
          </reporter-output>
        </test-method> <!-- logout -->
        <test-method status="PASS" signature="login()[pri:0, instance:com.pomclass.testcases.Delete_Create_Org_Test@222114ba]" name="login" is-config="true" duration-ms="9273" started-at="2022-04-19T09:16:42Z" finished-at="2022-04-19T09:16:51Z">
          <reporter-output>
          </reporter-output>
        </test-method> <!-- login -->
        <test-method status="PASS" signature="createorg1()[pri:0, instance:com.pomclass.testcases.Delete_Create_Org_Test@222114ba]" name="createorg1" duration-ms="15003" started-at="2022-04-19T09:16:51Z" finished-at="2022-04-19T09:17:06Z">
          <reporter-output>
          </reporter-output>
        </test-method> <!-- createorg1 -->
        <test-method status="PASS" signature="logout()[pri:0, instance:com.pomclass.testcases.Delete_Create_Org_Test@222114ba]" name="logout" is-config="true" duration-ms="2507" started-at="2022-04-19T09:17:06Z" finished-at="2022-04-19T09:17:09Z">
          <reporter-output>
          </reporter-output>
        </test-method> <!-- logout -->
      </class> <!-- com.pomclass.testcases.Delete_Create_Org_Test -->
    </test> <!-- Test1 -->
    <test name="Test2" duration-ms="94911" started-at="2022-04-19T09:15:34Z" finished-at="2022-04-19T09:17:09Z">
      <class name="com.pomclass.testcases.Create_Org_Name1">
        <test-method status="PASS" signature="beforeSuite()[pri:0, instance:com.pomclass.testcases.Create_Org_Name1@45b9a632]" name="beforeSuite" is-config="true" duration-ms="14" started-at="2022-04-19T09:15:34Z" finished-at="2022-04-19T09:15:34Z">
          <reporter-output>
          </reporter-output>
        </test-method> <!-- beforeSuite -->
        <test-method status="PASS" signature="beforeClass()[pri:0, instance:com.pomclass.testcases.Create_Org_Name1@45b9a632]" name="beforeClass" is-config="true" duration-ms="5721" started-at="2022-04-19T09:15:34Z" finished-at="2022-04-19T09:15:40Z">
          <reporter-output>
          </reporter-output>
        </test-method> <!-- beforeClass -->
        <test-method status="PASS" signature="login()[pri:0, instance:com.pomclass.testcases.Create_Org_Name1@45b9a632]" name="login" is-config="true" duration-ms="15133" started-at="2022-04-19T09:15:40Z" finished-at="2022-04-19T09:15:55Z">
          <reporter-output>
          </reporter-output>
        </test-method> <!-- login -->
        <test-method status="PASS" signature="create_org()[pri:0, instance:com.pomclass.testcases.Create_Org_Name1@45b9a632]" name="create_org" duration-ms="36363" started-at="2022-04-19T09:15:55Z" finished-at="2022-04-19T09:16:31Z">
          <reporter-output>
          </reporter-output>
        </test-method> <!-- create_org -->
        <test-method status="PASS" signature="logout()[pri:0, instance:com.pomclass.testcases.Create_Org_Name1@45b9a632]" name="logout" is-config="true" duration-ms="4321" started-at="2022-04-19T09:16:31Z" finished-at="2022-04-19T09:16:36Z">
          <reporter-output>
          </reporter-output>
        </test-method> <!-- logout -->
        <test-method status="PASS" signature="login()[pri:0, instance:com.pomclass.testcases.Create_Org_Name1@45b9a632]" name="login" is-config="true" duration-ms="6762" started-at="2022-04-19T09:16:36Z" finished-at="2022-04-19T09:16:42Z">
          <reporter-output>
          </reporter-output>
        </test-method> <!-- login -->
        <test-method status="PASS" signature="create_org1()[pri:0, instance:com.pomclass.testcases.Create_Org_Name1@45b9a632]" name="create_org1" duration-ms="23955" started-at="2022-04-19T09:16:42Z" finished-at="2022-04-19T09:17:06Z">
          <reporter-output>
          </reporter-output>
        </test-method> <!-- create_org1 -->
        <test-method status="PASS" signature="logout()[pri:0, instance:com.pomclass.testcases.Create_Org_Name1@45b9a632]" name="logout" is-config="true" duration-ms="2645" started-at="2022-04-19T09:17:06Z" finished-at="2022-04-19T09:17:09Z">
          <reporter-output>
          </reporter-output>
        </test-method> <!-- logout -->
        <test-method status="PASS" signature="afterSuite()[pri:0, instance:com.pomclass.testcases.Create_Org_Name1@45b9a632]" name="afterSuite" is-config="true" duration-ms="1" started-at="2022-04-19T09:17:09Z" finished-at="2022-04-19T09:17:09Z">
          <reporter-output>
          </reporter-output>
        </test-method> <!-- afterSuite -->
      </class> <!-- com.pomclass.testcases.Create_Org_Name1 -->
    </test> <!-- Test2 -->
  </suite> <!-- Suite -->
</testng-results>
