<?xml version="1.0" encoding="UTF-8"?>
<!-- Generated by org.testng.reporters.JUnitXMLReporter -->
<testsuite hostname="DESKTOP-EMG1SG7" ignored="1" name="Default test" tests="1" failures="0" timestamp="2022-04-18T17:45:47 IST" time="55.021" errors="0">
  <testcase name="createorg" time="32.416" classname="com.pomclass.testcases.Delete_Create_Org_Test"/>
  <testcase name="createorg1" time="0.0" classname="com.pomclass.testcases.Delete_Create_Org_Test">
    <ignored/>
  </testcase> <!-- createorg1 -->
</testsuite> <!-- Default test -->
