<?xml version="1.0" encoding="UTF-8"?>
<!-- Generated by org.testng.reporters.JUnitXMLReporter -->
<testsuite hostname="DESKTOP-EMG1SG7" ignored="2" name="Test1" tests="4" failures="0" timestamp="2022-04-19T10:29:18 IST" time="132.571" errors="0">
  <testcase name="createorg" time="27.417" classname="com.pomclass.testcases.Delete_Create_Org_Test"/>
  <testcase name="createorg1" time="16.381" classname="com.pomclass.testcases.Delete_Create_Org_Test"/>
  <testcase name="create_org" time="22.105" classname="com.pomclass.testcases.Create_Org_Name1"/>
  <testcase name="create_org1" time="25.974" classname="com.pomclass.testcases.Create_Org_Name1"/>
  <testcase name="@BeforeSuite beforeSuite" time="0.0" classname="com.javautility.Base_Class">
    <ignored/>
  </testcase> <!-- @BeforeSuite beforeSuite -->
  <testcase name="@AfterSuite afterSuite" time="0.0" classname="com.javautility.Base_Class">
    <ignored/>
  </testcase> <!-- @AfterSuite afterSuite -->
</testsuite> <!-- Test1 -->
