<?xml version="1.0" encoding="UTF-8"?>
<!-- Generated by org.testng.reporters.JUnitXMLReporter -->
<testsuite hostname="DESKTOP-EMG1SG7" ignored="3" name="Test" tests="3" failures="0" timestamp="2022-04-18T22:25:04 IST" time="83.328" errors="0">
  <testcase name="createorg" time="22.595" classname="com.pomclass.testcases.Delete_Create_Org_Test"/>
  <testcase name="create_org" time="17.744" classname="com.pomclass.testcases.Create_Org_Name1"/>
  <testcase name="create_org1" time="16.689" classname="com.pomclass.testcases.Create_Org_Name1"/>
  <testcase name="@BeforeSuite beforeSuite" time="0.0" classname="com.javautility.Base_Class">
    <ignored/>
  </testcase> <!-- @BeforeSuite beforeSuite -->
  <testcase name="createorg1" time="0.0" classname="com.pomclass.testcases.Delete_Create_Org_Test">
    <ignored/>
  </testcase> <!-- createorg1 -->
  <testcase name="@AfterSuite afterSuite" time="0.0" classname="com.javautility.Base_Class">
    <ignored/>
  </testcase> <!-- @AfterSuite afterSuite -->
</testsuite> <!-- Test -->
